<?xml version="1.0" encoding="UTF-8"?>
<testsuite name="gery.runners.TestRunner" tests="4" skipped="0" failures="0" errors="0" timestamp="2026-02-01T13:09:49.908Z" hostname="PCGERY" time="0.027">
  <properties/>
  <testcase name="Get all users" classname="gery.runners.TestRunner" time="0.021"/>
  <testcase name="Get user invalid" classname="gery.runners.TestRunner" time="0.001"/>
  <testcase name="Login invalid" classname="gery.runners.TestRunner" time="0.001"/>
  <testcase name="End to End Checkout" classname="gery.runners.TestRunner" time="0.0"/>
  <system-out><![CDATA[]]></system-out>
  <system-err><![CDATA[]]></system-err>
</testsuite>
